\BOOKMARK [0][-]{chapter.1}{Overview}{}% 1
\BOOKMARK [1][-]{section.1.1}{Description}{chapter.1}% 2
\BOOKMARK [1][-]{section.1.2}{Software}{chapter.1}% 3
\BOOKMARK [1][-]{section.1.3}{Devices}{chapter.1}% 4
\BOOKMARK [0][-]{chapter.2}{Circuit}{}% 5
\BOOKMARK [1][-]{section.2.1}{Filters}{chapter.2}% 6
\BOOKMARK [2][-]{subsection.2.1.1}{Air Coil Calculation}{section.2.1}% 7
\BOOKMARK [2][-]{subsection.2.1.2}{TX-IN Filter}{section.2.1}% 8
\BOOKMARK [2][-]{subsection.2.1.3}{TX-OUT Filter}{section.2.1}% 9
\BOOKMARK [2][-]{subsection.2.1.4}{RX-IN Filter}{section.2.1}% 10
\BOOKMARK [1][-]{section.2.2}{PIN-Diode Switches}{chapter.2}% 11
\BOOKMARK [2][-]{subsection.2.2.1}{RX/TX Input-Switch}{section.2.2}% 12
\BOOKMARK [2][-]{subsection.2.2.2}{RX/TX Output-Switch}{section.2.2}% 13
\BOOKMARK [0][-]{chapter.3}{PCB}{}% 14
\BOOKMARK [1][-]{section.3.1}{Layer Stackup}{chapter.3}% 15
\BOOKMARK [1][-]{section.3.2}{Coplanar Waveguide Grounded \(CPWG\)}{chapter.3}% 16
\BOOKMARK [2][-]{subsection.3.2.1}{RX CPWG Calculation}{section.3.2}% 17
\BOOKMARK [2][-]{subsection.3.2.2}{TX CPWG Calculation}{section.3.2}% 18
\BOOKMARK [1][-]{section.3.3}{Trace corners}{chapter.3}% 19
\BOOKMARK [1][-]{section.3.4}{3D PCB}{chapter.3}% 20
\BOOKMARK [1][-]{section.3.5}{2D PCB}{chapter.3}% 21
\BOOKMARK [0][-]{chapter.4}{Bill of Material}{}% 22
\BOOKMARK [0][-]{chapter.5}{Measurements}{}% 23
\BOOKMARK [1][-]{section.5.1}{TX-Path Transfer Function}{chapter.5}% 24
\BOOKMARK [2][-]{subsection.5.1.1}{TF of RA60H1317M1A}{section.5.1}% 25
\BOOKMARK [2][-]{subsection.5.1.2}{10dB Gain}{section.5.1}% 26
\BOOKMARK [2][-]{subsection.5.1.3}{30dB Gain}{section.5.1}% 27
\BOOKMARK [1][-]{section.5.2}{RX-Path Transfer Function}{chapter.5}% 28
\BOOKMARK [2][-]{subsection.5.2.1}{F2255NLGK Attenuation Diagram}{section.5.2}% 29
\BOOKMARK [2][-]{subsection.5.2.2}{No Attenuation}{section.5.2}% 30
\BOOKMARK [2][-]{subsection.5.2.3}{20dB Attenuation}{section.5.2}% 31
\BOOKMARK [1][-]{section.5.3}{Output Power}{chapter.5}% 32
\BOOKMARK [2][-]{subsection.5.3.1}{20W Output Power}{section.5.3}% 33
\BOOKMARK [2][-]{subsection.5.3.2}{40W Output Power}{section.5.3}% 34
\BOOKMARK [2][-]{subsection.5.3.3}{60W Output Power}{section.5.3}% 35
\BOOKMARK [0][-]{chapter.6}{Microcontroller Code}{}% 36
\BOOKMARK [0][-]{chapter.7}{Enclosure}{}% 37
\BOOKMARK [0][-]{chapter.8}{Result Pictures}{}% 38
\BOOKMARK [1][-]{section.8.1}{Assembled PCB}{chapter.8}% 39
\BOOKMARK [1][-]{section.8.2}{Transceiver with Power Amplifier}{chapter.8}% 40
\BOOKMARK [1][-]{section.8.3}{Implemented in Enclosure}{chapter.8}% 41
\BOOKMARK [0][-]{appendix*.2}{List of Abbreviations}{}% 42
\BOOKMARK [0][-]{appendix*.3}{List of Figures}{}% 43
\BOOKMARK [0][-]{appendix*.4}{List of Tables}{}% 44
\BOOKMARK [0][-]{appendix*.5}{Bibliography}{}% 45
